2025-04-01T10:52:36.858+05:30  WARN 3304 --- [StudentManagementApplication] [HikariPool-11 housekeeper] com.zaxxer.hikari.pool.HikariPool        : HikariPool-11 - Thread starvation or clock leap detected (housekeeper delta=3d17h8m1s48ms109µs400ns).
2025-04-01T11:02:44.122+05:30 DEBUG 3304 --- [StudentManagementApplication] [http-nio-8080-exec-5] o.s.web.servlet.DispatcherServlet        : GET "/", parameters={}
2025-04-01T11:02:44.224+05:30  WARN 3304 --- [StudentManagementApplication] [http-nio-8080-exec-5] o.s.web.servlet.PageNotFound             : No mapping for GET /
2025-04-01T11:02:44.470+05:30 DEBUG 3304 --- [StudentManagementApplication] [http-nio-8080-exec-5] .m.m.a.ExceptionHandlerExceptionResolver : Using @ExceptionHandler com.student.exceptions.GlobalExceptionHandler#handleNotFoundException(NoHandlerFoundException)
2025-04-01T11:02:44.501+05:30 DEBUG 3304 --- [StudentManagementApplication] [http-nio-8080-exec-5] o.s.w.s.m.m.a.HttpEntityMethodProcessor  : Using 'application/json', given [*/*] and supported [application/json, application/*+json, application/yaml]
2025-04-01T11:02:44.502+05:30 DEBUG 3304 --- [StudentManagementApplication] [http-nio-8080-exec-5] o.s.w.s.m.m.a.HttpEntityMethodProcessor  : Writing [{error=Student Not Found, message=For the requested Student, resource was not found., status=404}]
2025-04-01T11:02:44.555+05:30  WARN 3304 --- [StudentManagementApplication] [http-nio-8080-exec-5] .m.m.a.ExceptionHandlerExceptionResolver : Resolved [org.springframework.web.servlet.NoHandlerFoundException: No endpoint GET /.]
2025-04-01T11:02:44.556+05:30 DEBUG 3304 --- [StudentManagementApplication] [http-nio-8080-exec-5] o.s.web.servlet.DispatcherServlet        : Completed 404 NOT_FOUND
2025-04-01T11:02:52.201+05:30 DEBUG 3304 --- [StudentManagementApplication] [http-nio-8080-exec-7] o.s.web.servlet.DispatcherServlet        : GET "/HNAP1/", parameters={}
2025-04-01T11:02:52.207+05:30  WARN 3304 --- [StudentManagementApplication] [http-nio-8080-exec-7] o.s.web.servlet.PageNotFound             : No mapping for GET /HNAP1/
2025-04-01T11:02:52.208+05:30 DEBUG 3304 --- [StudentManagementApplication] [http-nio-8080-exec-7] .m.m.a.ExceptionHandlerExceptionResolver : Using @ExceptionHandler com.student.exceptions.GlobalExceptionHandler#handleNotFoundException(NoHandlerFoundException)
2025-04-01T11:02:52.209+05:30 DEBUG 3304 --- [StudentManagementApplication] [http-nio-8080-exec-7] o.s.w.s.m.m.a.HttpEntityMethodProcessor  : Using 'application/json', given [*/*] and supported [application/json, application/*+json, application/yaml]
2025-04-01T11:02:52.209+05:30 DEBUG 3304 --- [StudentManagementApplication] [http-nio-8080-exec-7] o.s.w.s.m.m.a.HttpEntityMethodProcessor  : Writing [{error=Student Not Found, message=For the requested Student, resource was not found., status=404}]
2025-04-01T11:02:52.211+05:30  WARN 3304 --- [StudentManagementApplication] [http-nio-8080-exec-7] .m.m.a.ExceptionHandlerExceptionResolver : Resolved [org.springframework.web.servlet.NoHandlerFoundException: No endpoint GET /HNAP1/.]
2025-04-01T11:02:52.211+05:30 DEBUG 3304 --- [StudentManagementApplication] [http-nio-8080-exec-7] o.s.web.servlet.DispatcherServlet        : Completed 404 NOT_FOUND
2025-04-01T11:02:54.361+05:30 DEBUG 3304 --- [StudentManagementApplication] [http-nio-8080-exec-8] o.s.web.servlet.DispatcherServlet        : GET "/", parameters={}
2025-04-01T11:02:54.363+05:30  WARN 3304 --- [StudentManagementApplication] [http-nio-8080-exec-8] o.s.web.servlet.PageNotFound             : No mapping for GET /
2025-04-01T11:02:54.364+05:30 DEBUG 3304 --- [StudentManagementApplication] [http-nio-8080-exec-8] .m.m.a.ExceptionHandlerExceptionResolver : Using @ExceptionHandler com.student.exceptions.GlobalExceptionHandler#handleNotFoundException(NoHandlerFoundException)
2025-04-01T11:02:54.364+05:30 DEBUG 3304 --- [StudentManagementApplication] [http-nio-8080-exec-8] o.s.w.s.m.m.a.HttpEntityMethodProcessor  : Using 'application/json', given [*/*] and supported [application/json, application/*+json, application/yaml]
2025-04-01T11:02:54.394+05:30 DEBUG 3304 --- [StudentManagementApplication] [http-nio-8080-exec-8] o.s.w.s.m.m.a.HttpEntityMethodProcessor  : Writing [{error=Student Not Found, message=For the requested Student, resource was not found., status=404}]
2025-04-01T11:02:54.395+05:30  WARN 3304 --- [StudentManagementApplication] [http-nio-8080-exec-8] .m.m.a.ExceptionHandlerExceptionResolver : Resolved [org.springframework.web.servlet.NoHandlerFoundException: No endpoint GET /.]
2025-04-01T11:02:54.395+05:30 DEBUG 3304 --- [StudentManagementApplication] [http-nio-8080-exec-8] o.s.web.servlet.DispatcherServlet        : Completed 404 NOT_FOUND
2025-04-01T11:02:54.422+05:30 DEBUG 3304 --- [StudentManagementApplication] [http-nio-8080-exec-9] o.s.web.servlet.DispatcherServlet        : GET "/loginMsg.js", parameters={}
2025-04-01T11:02:54.423+05:30  WARN 3304 --- [StudentManagementApplication] [http-nio-8080-exec-9] o.s.web.servlet.PageNotFound             : No mapping for GET /loginMsg.js
2025-04-01T11:02:54.424+05:30 DEBUG 3304 --- [StudentManagementApplication] [http-nio-8080-exec-9] .m.m.a.ExceptionHandlerExceptionResolver : Using @ExceptionHandler com.student.exceptions.GlobalExceptionHandler#handleNotFoundException(NoHandlerFoundException)
2025-04-01T11:02:54.425+05:30 DEBUG 3304 --- [StudentManagementApplication] [http-nio-8080-exec-9] o.s.w.s.m.m.a.HttpEntityMethodProcessor  : Using 'application/json', given [*/*] and supported [application/json, application/*+json, application/yaml]
2025-04-01T11:02:54.425+05:30 DEBUG 3304 --- [StudentManagementApplication] [http-nio-8080-exec-9] o.s.w.s.m.m.a.HttpEntityMethodProcessor  : Writing [{error=Student Not Found, message=For the requested Student, resource was not found., status=404}]
2025-04-01T11:02:54.623+05:30  WARN 3304 --- [StudentManagementApplication] [http-nio-8080-exec-9] .m.m.a.ExceptionHandlerExceptionResolver : Resolved [org.springframework.web.servlet.NoHandlerFoundException: No endpoint GET /loginMsg.js.]
2025-04-01T11:02:54.623+05:30 DEBUG 3304 --- [StudentManagementApplication] [http-nio-8080-exec-9] o.s.web.servlet.DispatcherServlet        : Completed 404 NOT_FOUND
2025-04-01T11:02:54.650+05:30 DEBUG 3304 --- [StudentManagementApplication] [http-nio-8080-exec-1] o.s.web.servlet.DispatcherServlet        : GET "/cgi/get.cgi?cmd=home_login", parameters={masked}
2025-04-01T11:02:54.650+05:30  WARN 3304 --- [StudentManagementApplication] [http-nio-8080-exec-1] o.s.web.servlet.PageNotFound             : No mapping for GET /cgi/get.cgi
2025-04-01T11:02:54.651+05:30 DEBUG 3304 --- [StudentManagementApplication] [http-nio-8080-exec-1] .m.m.a.ExceptionHandlerExceptionResolver : Using @ExceptionHandler com.student.exceptions.GlobalExceptionHandler#handleNotFoundException(NoHandlerFoundException)
2025-04-01T11:02:54.652+05:30 DEBUG 3304 --- [StudentManagementApplication] [http-nio-8080-exec-1] o.s.w.s.m.m.a.HttpEntityMethodProcessor  : Using 'application/json', given [*/*] and supported [application/json, application/*+json, application/yaml]
2025-04-01T11:02:54.652+05:30 DEBUG 3304 --- [StudentManagementApplication] [http-nio-8080-exec-1] o.s.w.s.m.m.a.HttpEntityMethodProcessor  : Writing [{error=Student Not Found, message=For the requested Student, resource was not found., status=404}]
2025-04-01T11:02:54.654+05:30  WARN 3304 --- [StudentManagementApplication] [http-nio-8080-exec-1] .m.m.a.ExceptionHandlerExceptionResolver : Resolved [org.springframework.web.servlet.NoHandlerFoundException: No endpoint GET /cgi/get.cgi.]
2025-04-01T11:02:54.654+05:30 DEBUG 3304 --- [StudentManagementApplication] [http-nio-8080-exec-1] o.s.web.servlet.DispatcherServlet        : Completed 404 NOT_FOUND
